<?xml version="1.0" encoding="UTF-8"?>
<testng-results ignored="0" total="2" passed="2" failed="0" skipped="0">
  <reporter-output>
  </reporter-output>
  <suite started-at="2025-07-17T12:42:14 WIB" name="SauceSuite" finished-at="2025-07-17T12:42:21 WIB" duration-ms="7057">
    <groups>
    </groups>
    <test started-at="2025-07-17T12:42:14 WIB" name="SimpleTest" finished-at="2025-07-17T12:42:21 WIB" duration-ms="7057">
      <class name="com.example.tests.LoginPage">
        <test-method is-config="true" signature="setUp()[pri:0, instance:com.example.tests.LoginPage@297658f6]" started-at="2025-07-17T12:42:19 WIB" name="setUp" finished-at="2025-07-17T12:42:21 WIB" duration-ms="1875" status="PASS">
          <reporter-output>
          </reporter-output>
        </test-method> <!-- setUp -->
        <test-method signature="loginSuccessTest()[pri:0, instance:com.example.tests.LoginPage@297658f6]" started-at="2025-07-17T12:42:21 WIB" name="loginSuccessTest" finished-at="2025-07-17T12:42:21 WIB" duration-ms="283" status="PASS">
          <reporter-output>
          </reporter-output>
        </test-method> <!-- loginSuccessTest -->
        <test-method is-config="true" signature="tearDown()[pri:0, instance:com.example.tests.LoginPage@297658f6]" started-at="2025-07-17T12:42:21 WIB" name="tearDown" finished-at="2025-07-17T12:42:21 WIB" duration-ms="112" status="PASS">
          <reporter-output>
          </reporter-output>
        </test-method> <!-- tearDown -->
      </class> <!-- com.example.tests.LoginPage -->
      <class name="com.example.tests.HomePage">
        <test-method is-config="true" signature="setUp()[pri:0, instance:com.example.tests.HomePage@77db9eab]" started-at="2025-07-17T12:42:14 WIB" name="setUp" finished-at="2025-07-17T12:42:18 WIB" duration-ms="4236" status="PASS">
          <reporter-output>
          </reporter-output>
        </test-method> <!-- setUp -->
        <test-method signature="itemCardsSuccessShow()[pri:0, instance:com.example.tests.HomePage@77db9eab]" started-at="2025-07-17T12:42:18 WIB" name="itemCardsSuccessShow" finished-at="2025-07-17T12:42:19 WIB" duration-ms="383" status="PASS">
          <reporter-output>
          </reporter-output>
        </test-method> <!-- itemCardsSuccessShow -->
        <test-method is-config="true" signature="tearDown()[pri:0, instance:com.example.tests.HomePage@77db9eab]" started-at="2025-07-17T12:42:19 WIB" name="tearDown" finished-at="2025-07-17T12:42:19 WIB" duration-ms="120" status="PASS">
          <reporter-output>
          </reporter-output>
        </test-method> <!-- tearDown -->
      </class> <!-- com.example.tests.HomePage -->
    </test> <!-- SimpleTest -->
  </suite> <!-- SauceSuite -->
</testng-results>
